0 1 2 3
0 1 2 4 5
0 1 2 3 5 22 24
0 2 3 22 23
1 4 5 6 7
1 2 4 5 7 24 25
4 6 7 8 9
4 5 6 7 9 25 26
6 8 9 10 11
6 7 8 9 11 26 27
8 10 11 12 13
8 9 10 11 13 27 28
10 12 13 14 15
10 11 12 13 15 28 29
12 14 15 16 17
12 13 14 15 17 29 30
14 16 17 18 19
14 15 16 17 19 30 31
16 18 19 20 21
16 17 18 19 21 31 32
18 20 21
18 19 20 21 32
2 3 22 23 24 33 35
3 22 23 33 34
2 5 22 24 25 35 36
5 7 24 25 26 36 37
7 9 25 26 27 37 38
9 11 26 27 28 38 39
11 13 27 28 29 39 40
13 15 28 29 30 40 41
15 17 29 30 31 41 42
17 19 30 31 32 42 43
19 21 31 32 43
22 23 33 34 35 44 46
23 33 34 44 45
22 24 33 35 36 46 47
24 25 35 36 37 47 48
25 26 36 37 38 48 49
26 27 37 38 39 49 50
27 28 38 39 40 50 51
28 29 39 40 41 51 52
29 30 40 41 42 52 53
30 31 41 42 43 53 54
31 32 42 43 54
33 34 44 45 46 55 57
34 44 45 55 56
33 35 44 46 47 57 58
35 36 46 47 48 58 59
36 37 47 48 49 59 60
37 38 48 49 50 60 61
38 39 49 50 51 61 62
39 40 50 51 52 62 63
40 41 51 52 53 63 64
41 42 52 53 54 64 65
42 43 53 54 65
44 45 55 56 57 66 68
45 55 56 66 67
44 46 55 57 58 68 69
46 47 57 58 59 69 70
47 48 58 59 60 70 71
48 49 59 60 61 71 72
49 50 60 61 62 72 73
50 51 61 62 63 73 74
51 52 62 63 64 74 75
52 53 63 64 65 75 76
53 54 64 65 76
55 56 66 67 68 77 79
56 66 67 77 78
55 57 66 68 69 79 80
57 58 68 69 70 80 81
58 59 69 70 71 81 82
59 60 70 71 72 82 83
60 61 71 72 73 83 84
61 62 72 73 74 84 85
62 63 73 74 75 85 86
63 64 74 75 76 86 87
64 65 75 76 87
66 67 77 78 79 88 90
67 77 78 88 89
66 68 77 79 80 90 91
68 69 79 80 81 91 92
69 70 80 81 82 92 93
70 71 81 82 83 93 94
71 72 82 83 84 94 95
72 73 83 84 85 95 96
73 74 84 85 86 96 97
74 75 85 86 87 97 98
75 76 86 87 98
77 78 88 89 90 99 101
78 88 89 99 100
77 79 88 90 91 101 102
79 80 90 91 92 102 103
80 81 91 92 93 103 104
81 82 92 93 94 104 105
82 83 93 94 95 105 106
83 84 94 95 96 106 107
84 85 95 96 97 107 108
85 86 96 97 98 108 109
86 87 97 98 109
88 89 99 100 101 110 112
89 99 100 110 111
88 90 99 101 102 112 113
90 91 101 102 103 113 114
91 92 102 103 104 114 115
92 93 103 104 105 115 116
93 94 104 105 106 116 117
94 95 105 106 107 117 118
95 96 106 107 108 118 119
96 97 107 108 109 119 120
97 98 108 109 120
99 100 110 111 112
100 110 111
99 101 110 112 113
101 102 112 113 114
102 103 113 114 115
103 104 114 115 116
104 105 115 116 117
105 106 116 117 118
106 107 117 118 119
107 108 118 119 120
108 109 119 120